TN:
SF:script/Counter.s.sol
FN:7,CounterScript.setUp
FNDA:0,CounterScript.setUp
FN:9,CounterScript.run
FNDA:0,CounterScript.run
DA:10,0
FNF:2
FNH:0
LF:1
LH:0
BRF:0
BRH:0
end_of_record
TN:
SF:src/Counter.sol
FN:7,Counter.setNumber
FNDA:0,Counter.setNumber
DA:8,0
FN:11,Counter.increment
FNDA:0,Counter.increment
DA:12,0
FNF:2
FNH:0
LF:2
LH:0
BRF:0
BRH:0
end_of_record
TN:
SF:src/IMPT.sol
FN:42,IMPT.pause
FNDA:2,IMPT.pause
DA:43,2
DA:44,2
FN:51,IMPT.unpause
FNDA:1,IMPT.unpause
DA:52,1
DA:53,1
FN:59,IMPT._beforeTokenTransfer
FNDA:259,IMPT._beforeTokenTransfer
DA:64,258
FNF:3
FNH:3
LF:5
LH:5
BRF:0
BRH:0
end_of_record
TN:
SF:src/TwoStageOwnable.sol
FN:8,TwoStageOwnable.nominatedOwner
FNDA:3,TwoStageOwnable.nominatedOwner
DA:9,3
FN:12,TwoStageOwnable.owner
FNDA:3,TwoStageOwnable.owner
DA:13,3
FN:24,TwoStageOwnable.acceptOwnership
FNDA:2,TwoStageOwnable.acceptOwnership
DA:25,2
BRDA:25,0,0,1
BRDA:25,0,1,1
DA:26,1
DA:27,1
FN:30,TwoStageOwnable.nominateNewOwner
FNDA:3,TwoStageOwnable.nominateNewOwner
DA:35,3
DA:36,3
FN:44,TwoStageOwnable._nominateNewOwner
FNDA:3,TwoStageOwnable._nominateNewOwner
DA:45,3
BRDA:45,1,0,3
BRDA:45,1,1,3
DA:46,3
BRDA:46,2,0,-
BRDA:46,2,1,3
DA:47,3
BRDA:47,3,0,-
BRDA:47,3,1,3
DA:48,3
DA:49,3
FN:52,TwoStageOwnable._setOwner
FNDA:1,TwoStageOwnable._setOwner
DA:53,1
BRDA:53,4,0,1
BRDA:53,4,1,1
DA:54,1
DA:55,1
DA:56,1
FNF:6
FNH:6
LF:16
LH:16
BRF:10
BRH:8
end_of_record
